<?xml version="1.0" encoding="UTF-8"?>
<testng-results ignored="0" total="2" passed="2" failed="0" skipped="0">
  <reporter-output>
    <line>
      <![CDATA[Browser Lounching successful]]>
    </line>
    <line>
      <![CDATA[Your Test case is Start]]>
    </line>
    <line>
      <![CDATA[validation successful,test case is pass]]>
    </line>
    <line>
      <![CDATA[Congrats Your test case is pass]]>
    </line>
    <line>
      <![CDATA[Browser Lounching successful]]>
    </line>
    <line>
      <![CDATA[Your Test case is Start]]>
    </line>
    <line>
      <![CDATA[validation successful,test case is pass]]>
    </line>
    <line>
      <![CDATA[Congrats Your test case is pass]]>
    </line>
  </reporter-output>
  <suite started-at="2022-04-02T21:52:05 IST" name="Suite" finished-at="2022-04-02T21:52:32 IST" duration-ms="27011">
    <groups>
    </groups>
    <test started-at="2022-04-02T21:52:05 IST" name="ChromeTest" finished-at="2022-04-02T21:52:17 IST" duration-ms="11982">
      <class name="Testing.TestkiteApp">
        <test-method is-config="true" signature="launchingBrowser(java.lang.String)[pri:0, instance:Testing.TestkiteApp@6356695f]" started-at="2022-04-02T21:52:05 IST" name="launchingBrowser" finished-at="2022-04-02T21:52:14 IST" duration-ms="8525" status="PASS">
          <params>
            <param index="0">
              <value>
                <![CDATA[chrome]]>
              </value>
            </param>
          </params>
          <reporter-output>
            <line>
              <![CDATA[Browser Lounching successful]]>
            </line>
          </reporter-output>
        </test-method> <!-- launchingBrowser -->
        <test-method is-config="true" signature="logintoKiteApp()[pri:0, instance:Testing.TestkiteApp@6356695f]" started-at="2022-04-02T21:52:14 IST" name="logintoKiteApp" finished-at="2022-04-02T21:52:15 IST" duration-ms="584" status="PASS">
          <reporter-output>
          </reporter-output>
        </test-method> <!-- logintoKiteApp -->
        <test-method signature="Validationofuserid()[pri:0, instance:Testing.TestkiteApp@6356695f]" started-at="2022-04-02T21:52:15 IST" name="Validationofuserid" finished-at="2022-04-02T21:52:16 IST" duration-ms="1699" status="PASS">
          <reporter-output>
            <line>
              <![CDATA[Your Test case is Start]]>
            </line>
            <line>
              <![CDATA[validation successful,test case is pass]]>
            </line>
            <line>
              <![CDATA[Congrats Your test case is pass]]>
            </line>
          </reporter-output>
        </test-method> <!-- Validationofuserid -->
        <test-method is-config="true" signature="LogoutKiteApp()[pri:0, instance:Testing.TestkiteApp@6356695f]" started-at="2022-04-02T21:52:17 IST" name="LogoutKiteApp" finished-at="2022-04-02T21:52:17 IST" duration-ms="574" status="PASS">
          <reporter-output>
          </reporter-output>
        </test-method> <!-- LogoutKiteApp -->
        <test-method is-config="true" signature="KiteAppclose()[pri:0, instance:Testing.TestkiteApp@6356695f]" started-at="2022-04-02T21:52:17 IST" name="KiteAppclose" finished-at="2022-04-02T21:52:17 IST" duration-ms="128" status="PASS">
          <reporter-output>
          </reporter-output>
        </test-method> <!-- KiteAppclose -->
      </class> <!-- Testing.TestkiteApp -->
    </test> <!-- ChromeTest -->
    <test started-at="2022-04-02T21:52:17 IST" name="firefoxTest" finished-at="2022-04-02T21:52:32 IST" duration-ms="14924">
      <class name="Testing.TestkiteApp">
        <test-method is-config="true" signature="launchingBrowser(java.lang.String)[pri:0, instance:Testing.TestkiteApp@7f0eb4b4]" started-at="2022-04-02T21:52:17 IST" name="launchingBrowser" finished-at="2022-04-02T21:52:25 IST" duration-ms="7732" status="PASS">
          <params>
            <param index="0">
              <value>
                <![CDATA[firefox]]>
              </value>
            </param>
          </params>
          <reporter-output>
            <line>
              <![CDATA[Browser Lounching successful]]>
            </line>
          </reporter-output>
        </test-method> <!-- launchingBrowser -->
        <test-method is-config="true" signature="logintoKiteApp()[pri:0, instance:Testing.TestkiteApp@7f0eb4b4]" started-at="2022-04-02T21:52:25 IST" name="logintoKiteApp" finished-at="2022-04-02T21:52:27 IST" duration-ms="1392" status="PASS">
          <reporter-output>
          </reporter-output>
        </test-method> <!-- logintoKiteApp -->
        <test-method signature="Validationofuserid()[pri:0, instance:Testing.TestkiteApp@7f0eb4b4]" started-at="2022-04-02T21:52:27 IST" name="Validationofuserid" finished-at="2022-04-02T21:52:30 IST" duration-ms="3089" status="PASS">
          <reporter-output>
            <line>
              <![CDATA[Your Test case is Start]]>
            </line>
            <line>
              <![CDATA[validation successful,test case is pass]]>
            </line>
            <line>
              <![CDATA[Congrats Your test case is pass]]>
            </line>
          </reporter-output>
        </test-method> <!-- Validationofuserid -->
        <test-method is-config="true" signature="LogoutKiteApp()[pri:0, instance:Testing.TestkiteApp@7f0eb4b4]" started-at="2022-04-02T21:52:30 IST" name="LogoutKiteApp" finished-at="2022-04-02T21:52:31 IST" duration-ms="1596" status="PASS">
          <reporter-output>
          </reporter-output>
        </test-method> <!-- LogoutKiteApp -->
        <test-method is-config="true" signature="KiteAppclose()[pri:0, instance:Testing.TestkiteApp@7f0eb4b4]" started-at="2022-04-02T21:52:31 IST" name="KiteAppclose" finished-at="2022-04-02T21:52:32 IST" duration-ms="958" status="PASS">
          <reporter-output>
          </reporter-output>
        </test-method> <!-- KiteAppclose -->
      </class> <!-- Testing.TestkiteApp -->
    </test> <!-- firefoxTest -->
  </suite> <!-- Suite -->
</testng-results>
